<?xml version="1.0" encoding="UTF-8"?>
<!-- Generated by org.testng.reporters.JUnitXMLReporter -->
<testsuite ignored="0" hostname="DESKTOP-H5ISLJQ" failures="0" tests="2" name="edgeTest" time="0.691" errors="0" timestamp="2025-02-18T18:56:21 EST">
  <testcase classname="testCases.TC01_LaunchApplication" name="testLaunchApplication" time="0.005">
    <skipped/>
  </testcase> <!-- testLaunchApplication -->
  <testcase classname="testCases.TC01_LaunchApplication" name="testLaunchApplication" time="0.003">
    <skipped/>
  </testcase> <!-- testLaunchApplication -->
</testsuite> <!-- edgeTest -->
