<?xml version="1.0" encoding="UTF-8"?>
<testng-results ignored="0" total="0" passed="0" failed="0" skipped="0">
  <reporter-output>
  </reporter-output>
  <suite started-at="2025-02-18T18:48:23 EST" name="Suite" finished-at="2025-02-18T18:48:23 EST" duration-ms="0">
    <groups>
      <group name="datadriven">
        <method signature="TC02_Login.testLogin(java.lang.String,java.lang.String)[pri:0, instance:testCases.TC02_Login@737a135b]" name="testLogin" class="testCases.TC02_Login"/>
        <method signature="TC02_Login.testLogin(java.lang.String,java.lang.String)[pri:0, instance:testCases.TC02_Login@52851b44]" name="testLogin" class="testCases.TC02_Login"/>
        <method signature="TC02_Login.testLogin(java.lang.String,java.lang.String)[pri:0, instance:testCases.TC02_Login@23aa363a]" name="testLogin" class="testCases.TC02_Login"/>
      </group> <!-- datadriven -->
      <group name="regression">
        <method signature="TC01_LaunchApplication.testLaunchApplication()[pri:0, instance:testCases.TC01_LaunchApplication@4df5bcb4]" name="testLaunchApplication" class="testCases.TC01_LaunchApplication"/>
        <method signature="TC02_Login.testLogin(java.lang.String,java.lang.String)[pri:0, instance:testCases.TC02_Login@737a135b]" name="testLogin" class="testCases.TC02_Login"/>
        <method signature="TC03_AddToCart.testAddToCart()[pri:0, instance:testCases.TC03_AddToCart@2654635]" name="testAddToCart" class="testCases.TC03_AddToCart"/>
        <method signature="TC04_CompletePurchase.testCompletePurchase()[pri:0, instance:testCases.TC04_CompletePurchase@15dcfae7]" name="testCompletePurchase" class="testCases.TC04_CompletePurchase"/>
        <method signature="TC05_AddAnItemToWishList.testAddToWishList()[pri:0, instance:testCases.TC05_AddAnItemToWishList@687ef2e0]" name="testAddToWishList" class="testCases.TC05_AddAnItemToWishList"/>
        <method signature="TC06_PurchaseAGiftCertificate.testPurchaseAGiftCertificate()[pri:0, instance:testCases.TC06_PurchaseAGiftCertificate@130dca52]" name="testPurchaseAGiftCertificate" class="testCases.TC06_PurchaseAGiftCertificate"/>
        <method signature="TC01_LaunchApplication.testLaunchApplication()[pri:0, instance:testCases.TC01_LaunchApplication@57abad67]" name="testLaunchApplication" class="testCases.TC01_LaunchApplication"/>
        <method signature="TC02_Login.testLogin(java.lang.String,java.lang.String)[pri:0, instance:testCases.TC02_Login@52851b44]" name="testLogin" class="testCases.TC02_Login"/>
        <method signature="TC03_AddToCart.testAddToCart()[pri:0, instance:testCases.TC03_AddToCart@2a640157]" name="testAddToCart" class="testCases.TC03_AddToCart"/>
        <method signature="TC04_CompletePurchase.testCompletePurchase()[pri:0, instance:testCases.TC04_CompletePurchase@5d8bafa9]" name="testCompletePurchase" class="testCases.TC04_CompletePurchase"/>
        <method signature="TC05_AddAnItemToWishList.testAddToWishList()[pri:0, instance:testCases.TC05_AddAnItemToWishList@584f54e6]" name="testAddToWishList" class="testCases.TC05_AddAnItemToWishList"/>
        <method signature="TC06_PurchaseAGiftCertificate.testPurchaseAGiftCertificate()[pri:0, instance:testCases.TC06_PurchaseAGiftCertificate@550a1967]" name="testPurchaseAGiftCertificate" class="testCases.TC06_PurchaseAGiftCertificate"/>
        <method signature="TC01_LaunchApplication.testLaunchApplication()[pri:0, instance:testCases.TC01_LaunchApplication@2dca0d64]" name="testLaunchApplication" class="testCases.TC01_LaunchApplication"/>
        <method signature="TC02_Login.testLogin(java.lang.String,java.lang.String)[pri:0, instance:testCases.TC02_Login@23aa363a]" name="testLogin" class="testCases.TC02_Login"/>
        <method signature="TC03_AddToCart.testAddToCart()[pri:0, instance:testCases.TC03_AddToCart@ff684e1]" name="testAddToCart" class="testCases.TC03_AddToCart"/>
        <method signature="TC04_CompletePurchase.testCompletePurchase()[pri:0, instance:testCases.TC04_CompletePurchase@55dfebeb]" name="testCompletePurchase" class="testCases.TC04_CompletePurchase"/>
        <method signature="TC05_AddAnItemToWishList.testAddToWishList()[pri:0, instance:testCases.TC05_AddAnItemToWishList@5ef6ae06]" name="testAddToWishList" class="testCases.TC05_AddAnItemToWishList"/>
        <method signature="TC06_PurchaseAGiftCertificate.testPurchaseAGiftCertificate()[pri:0, instance:testCases.TC06_PurchaseAGiftCertificate@f80945f]" name="testPurchaseAGiftCertificate" class="testCases.TC06_PurchaseAGiftCertificate"/>
      </group> <!-- regression -->
      <group name="smoke">
        <method signature="TC01_LaunchApplication.testLaunchApplication()[pri:0, instance:testCases.TC01_LaunchApplication@4df5bcb4]" name="testLaunchApplication" class="testCases.TC01_LaunchApplication"/>
        <method signature="TC02_Login.testLogin(java.lang.String,java.lang.String)[pri:0, instance:testCases.TC02_Login@737a135b]" name="testLogin" class="testCases.TC02_Login"/>
        <method signature="TC03_AddToCart.testAddToCart()[pri:0, instance:testCases.TC03_AddToCart@2654635]" name="testAddToCart" class="testCases.TC03_AddToCart"/>
        <method signature="TC04_CompletePurchase.testCompletePurchase()[pri:0, instance:testCases.TC04_CompletePurchase@15dcfae7]" name="testCompletePurchase" class="testCases.TC04_CompletePurchase"/>
        <method signature="TC01_LaunchApplication.testLaunchApplication()[pri:0, instance:testCases.TC01_LaunchApplication@57abad67]" name="testLaunchApplication" class="testCases.TC01_LaunchApplication"/>
        <method signature="TC02_Login.testLogin(java.lang.String,java.lang.String)[pri:0, instance:testCases.TC02_Login@52851b44]" name="testLogin" class="testCases.TC02_Login"/>
        <method signature="TC03_AddToCart.testAddToCart()[pri:0, instance:testCases.TC03_AddToCart@2a640157]" name="testAddToCart" class="testCases.TC03_AddToCart"/>
        <method signature="TC04_CompletePurchase.testCompletePurchase()[pri:0, instance:testCases.TC04_CompletePurchase@5d8bafa9]" name="testCompletePurchase" class="testCases.TC04_CompletePurchase"/>
        <method signature="TC01_LaunchApplication.testLaunchApplication()[pri:0, instance:testCases.TC01_LaunchApplication@2dca0d64]" name="testLaunchApplication" class="testCases.TC01_LaunchApplication"/>
        <method signature="TC02_Login.testLogin(java.lang.String,java.lang.String)[pri:0, instance:testCases.TC02_Login@23aa363a]" name="testLogin" class="testCases.TC02_Login"/>
        <method signature="TC03_AddToCart.testAddToCart()[pri:0, instance:testCases.TC03_AddToCart@ff684e1]" name="testAddToCart" class="testCases.TC03_AddToCart"/>
        <method signature="TC04_CompletePurchase.testCompletePurchase()[pri:0, instance:testCases.TC04_CompletePurchase@55dfebeb]" name="testCompletePurchase" class="testCases.TC04_CompletePurchase"/>
      </group> <!-- smoke -->
    </groups>
  </suite> <!-- Suite -->
</testng-results>
